<?xml version="1.0" encoding="UTF-8"?>
<!-- Generated by org.testng.reporters.JUnitXMLReporter -->
<testsuite ignored="0" hostname="DESKTOP-IBNPS0O" failures="1" tests="4" name="Test" time="0.176" errors="0" timestamp="2024-01-19T17:47:57 IST">
  <testcase classname="AllureTest.TestCase2" name="testMethod2" time="0.049"/>
  <testcase classname="AllureTest.TestCase1" name="testMethod1" time="0.014">
    <failure type="java.lang.AssertionError" message="expected [true] but found [false]">
      <![CDATA[java.lang.AssertionError: expected [true] but found [false]
at AllureTest.TestCase1.testMethod1(TestCase1.java:9)
at java.base/java.util.ArrayList.forEach(ArrayList.java:1511)
... Removed 29 stack frames]]>
    </failure>
  </testcase> <!-- testMethod1 -->
  <testcase classname="AllureTest.TestCase3" name="testMethod3" time="0.005">
    <skipped/>
  </testcase> <!-- testMethod3 -->
  <testcase classname="AllureTest.TestCase3" name="testMethod4" time="0.006">
    <skipped/>
  </testcase> <!-- testMethod4 -->
</testsuite> <!-- Test -->
